<?xml version="1.0" encoding="UTF-8"?>
<!-- Generated by org.testng.reporters.JUnitReportReporter -->
<testsuite skipped="0" hostname="NitinPC" name="com.freecrm.qa.testcases.LoginPageTest" tests="2" failures="0" timestamp="29 Sep 2019 04:13:13 GMT" time="39.471" errors="0">
  <testcase name="LoginPageTitleTest" time="23.533" classname="com.freecrm.qa.testcases.LoginPageTest"/>
  <testcase name="LoginTest" time="15.938" classname="com.freecrm.qa.testcases.LoginPageTest"/>
</testsuite> <!-- com.freecrm.qa.testcases.LoginPageTest -->
