<?xml version="1.0" encoding="UTF-8"?>
<!-- Generated by org.testng.reporters.JUnitReportReporter -->
<testsuite skipped="0" hostname="NitinPC" name="com.freecrm.qa.testcases.HomePageTest" tests="3" failures="0" timestamp="29 Sep 2019 04:15:51 GMT" time="59.038" errors="0">
  <testcase name="ContactTabValidationTest" time="22.495" classname="com.freecrm.qa.testcases.HomePageTest"/>
  <testcase name="ContactPageValidationTest" time="17.643" classname="com.freecrm.qa.testcases.HomePageTest"/>
  <testcase name="HomePageLogoValidationTest" time="18.900" classname="com.freecrm.qa.testcases.HomePageTest"/>
</testsuite> <!-- com.freecrm.qa.testcases.HomePageTest -->
